Performing C SOURCE FILE Test CMAKE_HAVE_LIBC_PTHREAD failed with the following output:
Change Dir: /home/ros/cpp_udacity/CppND-Route-Planning-Project/build/CMakeFiles/CMakeTmp

Run Build Command(s):/usr/bin/make cmTC_93a4b/fast && /usr/bin/make  -f CMakeFiles/cmTC_93a4b.dir/build.make CMakeFiles/cmTC_93a4b.dir/build
make[1]: Entering directory '/home/ros/cpp_udacity/CppND-Route-Planning-Project/build/CMakeFiles/CMakeTmp'
Building C object CMakeFiles/cmTC_93a4b.dir/src.c.o
/usr/bin/cc   -DCMAKE_HAVE_LIBC_PTHREAD   -o CMakeFiles/cmTC_93a4b.dir/src.c.o   -c /home/ros/cpp_udacity/CppND-Route-Planning-Project/build/CMakeFiles/CMakeTmp/src.c
Linking C executable cmTC_93a4b
/usr/local/bin/cmake -E cmake_link_script CMakeFiles/cmTC_93a4b.dir/link.txt --verbose=1
/usr/bin/cc  -DCMAKE_HAVE_LIBC_PTHREAD    -rdynamic CMakeFiles/cmTC_93a4b.dir/src.c.o  -o cmTC_93a4b 
CMakeFiles/cmTC_93a4b.dir/src.c.o: In function `main':
src.c:(.text+0x3e): undefined reference to `pthread_create'
src.c:(.text+0x4a): undefined reference to `pthread_detach'
src.c:(.text+0x56): undefined reference to `pthread_cancel'
src.c:(.text+0x67): undefined reference to `pthread_join'
src.c:(.text+0x7b): undefined reference to `pthread_atfork'
collect2: error: ld returned 1 exit status
CMakeFiles/cmTC_93a4b.dir/build.make:106: recipe for target 'cmTC_93a4b' failed
make[1]: *** [cmTC_93a4b] Error 1
make[1]: Leaving directory '/home/ros/cpp_udacity/CppND-Route-Planning-Project/build/CMakeFiles/CMakeTmp'
Makefile:141: recipe for target 'cmTC_93a4b/fast' failed
make: *** [cmTC_93a4b/fast] Error 2


Source file was:
#include <pthread.h>

void* test_func(void* data)
{
  return data;
}

int main(void)
{
  pthread_t thread;
  pthread_create(&thread, NULL, test_func, NULL);
  pthread_detach(thread);
  pthread_cancel(thread);
  pthread_join(thread, NULL);
  pthread_atfork(NULL, NULL, NULL);
  pthread_exit(NULL);

  return 0;
}

Determining if the function pthread_create exists in the pthreads failed with the following output:
Change Dir: /home/ros/cpp_udacity/CppND-Route-Planning-Project/build/CMakeFiles/CMakeTmp

Run Build Command(s):/usr/bin/make cmTC_90369/fast && /usr/bin/make  -f CMakeFiles/cmTC_90369.dir/build.make CMakeFiles/cmTC_90369.dir/build
make[1]: Entering directory '/home/ros/cpp_udacity/CppND-Route-Planning-Project/build/CMakeFiles/CMakeTmp'
Building C object CMakeFiles/cmTC_90369.dir/CheckFunctionExists.c.o
/usr/bin/cc   -DCHECK_FUNCTION_EXISTS=pthread_create   -o CMakeFiles/cmTC_90369.dir/CheckFunctionExists.c.o   -c /usr/local/share/cmake-3.17/Modules/CheckFunctionExists.c
Linking C executable cmTC_90369
/usr/local/bin/cmake -E cmake_link_script CMakeFiles/cmTC_90369.dir/link.txt --verbose=1
/usr/bin/cc  -DCHECK_FUNCTION_EXISTS=pthread_create    -rdynamic CMakeFiles/cmTC_90369.dir/CheckFunctionExists.c.o  -o cmTC_90369  -lpthreads 
/usr/bin/ld: cannot find -lpthreads
collect2: error: ld returned 1 exit status
CMakeFiles/cmTC_90369.dir/build.make:106: recipe for target 'cmTC_90369' failed
make[1]: *** [cmTC_90369] Error 1
make[1]: Leaving directory '/home/ros/cpp_udacity/CppND-Route-Planning-Project/build/CMakeFiles/CMakeTmp'
Makefile:141: recipe for target 'cmTC_90369/fast' failed
make: *** [cmTC_90369/fast] Error 2



Performing C SOURCE FILE Test CMAKE_HAVE_LIBC_PTHREAD failed with the following output:
Change Dir: /home/ros/cpp_udacity/A*-Route-Planning/build/CMakeFiles/CMakeTmp

Run Build Command(s):/usr/bin/make cmTC_15011/fast && /usr/bin/make  -f CMakeFiles/cmTC_15011.dir/build.make CMakeFiles/cmTC_15011.dir/build
make[1]: Entering directory '/home/ros/cpp_udacity/A*-Route-Planning/build/CMakeFiles/CMakeTmp'
Building C object CMakeFiles/cmTC_15011.dir/src.c.o
/usr/bin/cc   -DCMAKE_HAVE_LIBC_PTHREAD   -o CMakeFiles/cmTC_15011.dir/src.c.o   -c "/home/ros/cpp_udacity/A*-Route-Planning/build/CMakeFiles/CMakeTmp/src.c"
Linking C executable cmTC_15011
/usr/local/bin/cmake -E cmake_link_script CMakeFiles/cmTC_15011.dir/link.txt --verbose=1
/usr/bin/cc  -DCMAKE_HAVE_LIBC_PTHREAD    -rdynamic CMakeFiles/cmTC_15011.dir/src.c.o  -o cmTC_15011 
CMakeFiles/cmTC_15011.dir/src.c.o: In function `main':
src.c:(.text+0x3e): undefined reference to `pthread_create'
src.c:(.text+0x4a): undefined reference to `pthread_detach'
src.c:(.text+0x56): undefined reference to `pthread_cancel'
src.c:(.text+0x67): undefined reference to `pthread_join'
src.c:(.text+0x7b): undefined reference to `pthread_atfork'
collect2: error: ld returned 1 exit status
CMakeFiles/cmTC_15011.dir/build.make:106: recipe for target 'cmTC_15011' failed
make[1]: *** [cmTC_15011] Error 1
make[1]: Leaving directory '/home/ros/cpp_udacity/A*-Route-Planning/build/CMakeFiles/CMakeTmp'
Makefile:141: recipe for target 'cmTC_15011/fast' failed
make: *** [cmTC_15011/fast] Error 2


Source file was:
#include <pthread.h>

void* test_func(void* data)
{
  return data;
}

int main(void)
{
  pthread_t thread;
  pthread_create(&thread, NULL, test_func, NULL);
  pthread_detach(thread);
  pthread_cancel(thread);
  pthread_join(thread, NULL);
  pthread_atfork(NULL, NULL, NULL);
  pthread_exit(NULL);

  return 0;
}

Determining if the function pthread_create exists in the pthreads failed with the following output:
Change Dir: /home/ros/cpp_udacity/A*-Route-Planning/build/CMakeFiles/CMakeTmp

Run Build Command(s):/usr/bin/make cmTC_22ed4/fast && /usr/bin/make  -f CMakeFiles/cmTC_22ed4.dir/build.make CMakeFiles/cmTC_22ed4.dir/build
make[1]: Entering directory '/home/ros/cpp_udacity/A*-Route-Planning/build/CMakeFiles/CMakeTmp'
Building C object CMakeFiles/cmTC_22ed4.dir/CheckFunctionExists.c.o
/usr/bin/cc   -DCHECK_FUNCTION_EXISTS=pthread_create   -o CMakeFiles/cmTC_22ed4.dir/CheckFunctionExists.c.o   -c /usr/local/share/cmake-3.17/Modules/CheckFunctionExists.c
Linking C executable cmTC_22ed4
/usr/local/bin/cmake -E cmake_link_script CMakeFiles/cmTC_22ed4.dir/link.txt --verbose=1
/usr/bin/cc  -DCHECK_FUNCTION_EXISTS=pthread_create    -rdynamic CMakeFiles/cmTC_22ed4.dir/CheckFunctionExists.c.o  -o cmTC_22ed4  -lpthreads 
/usr/bin/ld: cannot find -lpthreads
collect2: error: ld returned 1 exit status
CMakeFiles/cmTC_22ed4.dir/build.make:106: recipe for target 'cmTC_22ed4' failed
make[1]: *** [cmTC_22ed4] Error 1
make[1]: Leaving directory '/home/ros/cpp_udacity/A*-Route-Planning/build/CMakeFiles/CMakeTmp'
Makefile:141: recipe for target 'cmTC_22ed4/fast' failed
make: *** [cmTC_22ed4/fast] Error 2



